  Array Problems 3.cpp
C:\Thomas\C++實習\Array Problems\Array Problems 3\Array Problems 3\Array Problems 3.cpp(12,17): error C2131: 運算式未評估為常數
      C:\Thomas\C++實習\Array Problems\Array Problems 3\Array Problems 3\Array Problems 3.cpp(12,17):
      失敗原因為讀取超出存留期的變數
      C:\Thomas\C++實習\Array Problems\Array Problems 3\Array Problems 3\Array Problems 3.cpp(12,17):
      請參閱 'm' 的用法
  
C:\Thomas\C++實習\Array Problems\Array Problems 3\Array Problems 3\Array Problems 3.cpp(12,20): error C2131: 運算式未評估為常數
      C:\Thomas\C++實習\Array Problems\Array Problems 3\Array Problems 3\Array Problems 3.cpp(12,20):
      失敗原因為讀取超出存留期的變數
      C:\Thomas\C++實習\Array Problems\Array Problems 3\Array Problems 3\Array Problems 3.cpp(12,20):
      請參閱 'n' 的用法
  
C:\Thomas\C++實習\Array Problems\Array Problems 3\Array Problems 3\Array Problems 3.cpp(13,17): error C2131: 運算式未評估為常數
      C:\Thomas\C++實習\Array Problems\Array Problems 3\Array Problems 3\Array Problems 3.cpp(13,17):
      失敗原因為讀取超出存留期的變數
      C:\Thomas\C++實習\Array Problems\Array Problems 3\Array Problems 3\Array Problems 3.cpp(13,17):
      請參閱 'n' 的用法
  
C:\Thomas\C++實習\Array Problems\Array Problems 3\Array Problems 3\Array Problems 3.cpp(13,20): error C2131: 運算式未評估為常數
      C:\Thomas\C++實習\Array Problems\Array Problems 3\Array Problems 3\Array Problems 3.cpp(13,20):
      失敗原因為讀取超出存留期的變數
      C:\Thomas\C++實習\Array Problems\Array Problems 3\Array Problems 3\Array Problems 3.cpp(13,20):
      請參閱 'p' 的用法
  
C:\Thomas\C++實習\Array Problems\Array Problems 3\Array Problems 3\Array Problems 3.cpp(14,9): error C2087: 'matrixC': 遺漏註標
C:\Thomas\C++實習\Array Problems\Array Problems 3\Array Problems 3\Array Problems 3.cpp(14,9): error C2133: 'matrixC': 未知的大小
